<?xml version="1.0" encoding="UTF-8"?>
<!-- Generated by org.testng.reporters.JUnitReportReporter -->
<testsuite hostname="DESKTOP-6RBINDF" failures="0" tests="1" name="automation.testsuite.Day12_DropDownList" time="13.548" errors="0" timestamp="2025-05-21T21:18:07 GMT+07:00" skipped="0">
  <testcase classname="automation.testsuite.Day12_DropDownList" name="SelectOptionInDropdownList" time="13.548"/>
</testsuite> <!-- automation.testsuite.Day12_DropDownList -->
