<?xml version="1.0" encoding="UTF-8"?>
<!-- Generated by org.testng.reporters.JUnitReportReporter -->
<testsuite hostname="DESKTOP-6RBINDF" failures="0" tests="1" name="automation.testsuite.Day12_Checkbox" time="96.818" errors="0" timestamp="2025-05-21T20:58:57 GMT+07:00" skipped="0">
  <testcase classname="automation.testsuite.Day12_Checkbox" name="clickRadioButton" time="96.818"/>
</testsuite> <!-- automation.testsuite.Day12_Checkbox -->
