<?xml version="1.0" encoding="UTF-8"?>
<!-- Generated by org.testng.reporters.JUnitReportReporter -->
<testsuite hostname="DESKTOP-6RBINDF" failures="0" tests="1" name="automation.testsuite.EmployManagement" time="56.756" errors="0" timestamp="2025-05-05T22:15:45 GMT+07:00" skipped="0">
  <testcase classname="automation.testsuite.EmployManagement" name="employManagement" time="56.756"/>
</testsuite> <!-- automation.testsuite.EmployManagement -->
