<?xml version="1.0" encoding="UTF-8"?>
<!-- Generated by org.testng.reporters.JUnitReportReporter -->
<testsuite hostname="DESKTOP-6RBINDF" failures="0" tests="1" name="automation.testsuite.Day12_HomeWork" time="8.688" errors="0" timestamp="2025-05-24T22:42:38 GMT+07:00" skipped="0">
  <testcase classname="automation.testsuite.Day12_HomeWork" name="SelectCountry" time="8.688"/>
</testsuite> <!-- automation.testsuite.Day12_HomeWork -->
