<?xml version="1.0" encoding="UTF-8"?>
<!-- Generated by org.testng.reporters.JUnitReportReporter -->
<testsuite hostname="DESKTOP-6RBINDF" failures="0" tests="1" name="automation.testsuite.Day8_BTVN_1" time="24.008" errors="0" timestamp="2025-05-10T20:18:58 GMT+07:00" skipped="0">
  <testcase classname="automation.testsuite.Day8_BTVN_1" name="locatedElement" time="24.008"/>
</testsuite> <!-- automation.testsuite.Day8_BTVN_1 -->
