<?xml version="1.0" encoding="UTF-8"?>
<!-- Generated by org.testng.reporters.JUnitReportReporter -->
<testsuite hostname="DESKTOP-6RBINDF" failures="0" tests="2" name="automation.testsuite.Day7_Test" time="0.012" errors="0" timestamp="2025-04-27T21:14:48 GMT+07:00" skipped="0">
  <testcase classname="automation.testsuite.Day7_Test" name="calculateSum" time="0.011"/>
  <testcase classname="automation.testsuite.Day7_Test" name="inputArray" time="0.001"/>
</testsuite> <!-- automation.testsuite.Day7_Test -->
