<?xml version="1.0" encoding="UTF-8"?>
<!-- Generated by org.testng.reporters.JUnitReportReporter -->
<testsuite hostname="DESKTOP-6RBINDF" failures="0" tests="1" name="automation.testsuite.Day7_Test" time="6.338" errors="0" timestamp="2025-05-05T21:57:46 GMT+07:00" skipped="0">
  <testcase classname="automation.testsuite.Day7_Test" name="inputArray" time="6.338"/>
</testsuite> <!-- automation.testsuite.Day7_Test -->
