<?xml version="1.0" encoding="UTF-8"?>
<!-- Generated by org.testng.reporters.JUnitReportReporter -->
<testsuite hostname="DESKTOP-6RBINDF" failures="0" tests="1" name="automation.testsuite.Day8_Test" time="21.990" errors="0" timestamp="2025-05-07T21:27:26 GMT+07:00" skipped="0">
  <testcase classname="automation.testsuite.Day8_Test" name="locatedElementByClassName" time="21.990"/>
</testsuite> <!-- automation.testsuite.Day8_Test -->
